MP round    1 | done=   4000/ 200000 | workers=2 | avg_reward= -160.34 | epsilon=0.073
MP round    2 | done=   8000/ 200000 | workers=2 | avg_reward= -108.32 | epsilon=0.073
MP round    3 | done=  12000/ 200000 | workers=2 | avg_reward=  -84.29 | epsilon=0.073
MP round    4 | done=  16000/ 200000 | workers=2 | avg_reward=  -60.70 | epsilon=0.073
MP round    5 | done=  20000/ 200000 | workers=2 | avg_reward=  -42.01 | epsilon=0.073
  Eval@ 20000 | avg_reward=   25.78 | win_rate=  0.0% | avg_pellets= 58.54
MP round    6 | done=  24000/ 200000 | workers=2 | avg_reward=  -44.44 | epsilon=0.073
MP round    7 | done=  28000/ 200000 | workers=2 | avg_reward=  -22.04 | epsilon=0.073
MP round    8 | done=  32000/ 200000 | workers=2 | avg_reward=  -16.70 | epsilon=0.073
MP round    9 | done=  36000/ 200000 | workers=2 | avg_reward=  -24.56 | epsilon=0.073
MP round   10 | done=  40000/ 200000 | workers=2 | avg_reward=   -1.43 | epsilon=0.073
  Eval@ 40000 | avg_reward=   91.02 | win_rate=  0.0% | avg_pellets= 72.88
MP round   11 | done=  44000/ 200000 | workers=2 | avg_reward=   -5.14 | epsilon=0.073
MP round   12 | done=  48000/ 200000 | workers=2 | avg_reward=  -17.69 | epsilon=0.073
MP round   13 | done=  52000/ 200000 | workers=2 | avg_reward=    3.17 | epsilon=0.073
MP round   14 | done=  56000/ 200000 | workers=2 | avg_reward=   -1.31 | epsilon=0.073
MP round   15 | done=  60000/ 200000 | workers=2 | avg_reward=   -3.34 | epsilon=0.073
  Eval@ 60000 | avg_reward=  141.99 | win_rate=  6.0% | avg_pellets= 77.02
MP round   16 | done=  64000/ 200000 | workers=2 | avg_reward=    8.18 | epsilon=0.073
MP round   17 | done=  68000/ 200000 | workers=2 | avg_reward=    4.88 | epsilon=0.073
MP round   18 | done=  72000/ 200000 | workers=2 | avg_reward=  -20.70 | epsilon=0.073
MP round   19 | done=  76000/ 200000 | workers=2 | avg_reward=  -30.94 | epsilon=0.073
MP round   20 | done=  80000/ 200000 | workers=2 | avg_reward=  -29.31 | epsilon=0.073
  Eval@ 80000 | avg_reward=  122.33 | win_rate=  0.0% | avg_pellets= 79.02
MP round   21 | done=  84000/ 200000 | workers=2 | avg_reward=  -36.68 | epsilon=0.073
MP round   22 | done=  88000/ 200000 | workers=2 | avg_reward=  -26.02 | epsilon=0.073
MP round   23 | done=  92000/ 200000 | workers=2 | avg_reward=  -29.39 | epsilon=0.073
MP round   24 | done=  96000/ 200000 | workers=2 | avg_reward=  -34.75 | epsilon=0.073
MP round   25 | done= 100000/ 200000 | workers=2 | avg_reward=  -28.50 | epsilon=0.073
  Eval@100000 | avg_reward=  147.73 | win_rate=  2.0% | avg_pellets= 80.90
MP round   26 | done= 104000/ 200000 | workers=2 | avg_reward=  -33.54 | epsilon=0.073
MP round   27 | done= 108000/ 200000 | workers=2 | avg_reward=  -32.11 | epsilon=0.073
MP round   28 | done= 112000/ 200000 | workers=2 | avg_reward=  -28.78 | epsilon=0.073
MP round   29 | done= 116000/ 200000 | workers=2 | avg_reward=  -37.97 | epsilon=0.073
MP round   30 | done= 120000/ 200000 | workers=2 | avg_reward=  -42.99 | epsilon=0.073
  Eval@120000 | avg_reward=  124.03 | win_rate=  2.0% | avg_pellets= 76.56
MP round   31 | done= 124000/ 200000 | workers=2 | avg_reward=  -23.93 | epsilon=0.073
MP round   32 | done= 128000/ 200000 | workers=2 | avg_reward=  -29.74 | epsilon=0.073
MP round   33 | done= 132000/ 200000 | workers=2 | avg_reward=  -29.09 | epsilon=0.073
MP round   34 | done= 136000/ 200000 | workers=2 | avg_reward=  -23.06 | epsilon=0.073
MP round   35 | done= 140000/ 200000 | workers=2 | avg_reward=  -24.56 | epsilon=0.073
  Eval@140000 | avg_reward=  154.97 | win_rate=  4.0% | avg_pellets= 80.74
MP round   36 | done= 144000/ 200000 | workers=2 | avg_reward=  -28.34 | epsilon=0.073
MP round   37 | done= 148000/ 200000 | workers=2 | avg_reward=  -14.15 | epsilon=0.073
MP round   38 | done= 152000/ 200000 | workers=2 | avg_reward=  -41.49 | epsilon=0.073
MP round   39 | done= 156000/ 200000 | workers=2 | avg_reward=  -64.17 | epsilon=0.073
MP round   40 | done= 160000/ 200000 | workers=2 | avg_reward=  -56.95 | epsilon=0.073
  Eval@160000 | avg_reward=  204.59 | win_rate=  4.0% | avg_pellets= 89.68
MP round   41 | done= 164000/ 200000 | workers=2 | avg_reward=  -56.84 | epsilon=0.073
MP round   42 | done= 168000/ 200000 | workers=2 | avg_reward=  -66.09 | epsilon=0.073
MP round   43 | done= 172000/ 200000 | workers=2 | avg_reward=  -45.83 | epsilon=0.073
MP round   44 | done= 176000/ 200000 | workers=2 | avg_reward=  -64.19 | epsilon=0.073
MP round   45 | done= 180000/ 200000 | workers=2 | avg_reward=  -64.87 | epsilon=0.073
  Eval@180000 | avg_reward=  194.77 | win_rate=  4.0% | avg_pellets= 87.44
MP round   46 | done= 184000/ 200000 | workers=2 | avg_reward=  -58.31 | epsilon=0.073
MP round   47 | done= 188000/ 200000 | workers=2 | avg_reward=  -59.96 | epsilon=0.073
MP round   48 | done= 192000/ 200000 | workers=2 | avg_reward=  -68.02 | epsilon=0.073
MP round   49 | done= 196000/ 200000 | workers=2 | avg_reward=  -61.17 | epsilon=0.073
MP round   50 | done= 200000/ 200000 | workers=2 | avg_reward=  -51.79 | epsilon=0.073
  Eval@200000 | avg_reward=  244.88 | win_rate= 14.0% | avg_pellets= 88.50
Saved Q-table to q_table.json
